<?xml version="1.0" encoding="UTF-8"?>
<testsuite name="ab1.Ab1Tests" tests="1" skipped="0" failures="0" errors="0" timestamp="2021-11-29T17:27:50" hostname="PC-SABRINA" time="0.026">
  <properties/>
  <testcase name="NFA_Operations_Complement()" classname="ab1.Ab1Tests" time="0.026"/>
  <system-out><![CDATA[1 2 3 4 1 2 3 4 1 2 3 4 1 2 3 4 1 2 3 4 1 2 3 4 1 2 3 4 1 2 3 4 1 2 3 4 1 2 3 4 2 2 2 2 2 Gesamtpunkte: 1
]]></system-out>
  <system-err><![CDATA[]]></system-err>
</testsuite>
