<?xml version="1.0" encoding="UTF-8"?>
<testsuite name="ab1.Ab1Tests" tests="12" skipped="0" failures="0" errors="0" timestamp="2021-12-04T22:24:26" hostname="JULIAS-NOTEBOOK" time="0.492">
  <properties/>
  <testcase name="DFA_equals_NFA()" classname="ab1.Ab1Tests" time="0.107"/>
  <testcase name="NFA_Language()" classname="ab1.Ab1Tests" time="0.022"/>
  <testcase name="NFA_Operations_Minus()" classname="ab1.Ab1Tests" time="0.079"/>
  <testcase name="NFA_Operations_Union()" classname="ab1.Ab1Tests" time="0.007"/>
  <testcase name="NFA_Operations_Complement()" classname="ab1.Ab1Tests" time="0.015"/>
  <testcase name="ToDFA()" classname="ab1.Ab1Tests" time="0.055"/>
  <testcase name="NFA_Operations_Plus()" classname="ab1.Ab1Tests" time="0.007"/>
  <testcase name="NFA_Operations_Star()" classname="ab1.Ab1Tests" time="0.013"/>
  <testcase name="NFA_Operations_Concat()" classname="ab1.Ab1Tests" time="0.011"/>
  <testcase name="NFA_Equals()" classname="ab1.Ab1Tests" time="0.075"/>
  <testcase name="NFA_Operations_Intersection()" classname="ab1.Ab1Tests" time="0.026"/>
  <testcase name="NFA_Properties()" classname="ab1.Ab1Tests" time="0.005"/>
  <system-out><![CDATA[Gesamtpunkte: 15
]]></system-out>
  <system-err><![CDATA[]]></system-err>
</testsuite>
