<?xml version="1.0" encoding="UTF-8"?>
<testsuite name="ab1.Ab1Tests" tests="1" skipped="0" failures="0" errors="0" timestamp="2021-11-27T18:29:42" hostname="JULIAS-NOTEBOOK" time="0.058">
  <properties/>
  <testcase name="myTestNFAtoDFA()" classname="ab1.Ab1Tests" time="0.058"/>
  <system-out><![CDATA[NumStates: 1Initial state: 0
Alphabet: 
a b c Accepting states: 
Transition matrix: 
[] 
NumStates: 1Initial state: 0
Alphabet: 
a b c Accepting states: 
Transition matrix: 
[] 
Gesamtpunkte: 0
]]></system-out>
  <system-err><![CDATA[]]></system-err>
</testsuite>
